Build started 3/29/2015 11:27:55 PM.
     1>Project "C:\Users\Kene\Desktop\Dart Demo Project\GameDemo\Dart\Dart\Dart.vcxproj" on node 2 (Build target(s)).
     1>ClCompile:
         C:\Program Files (x86)\Microsoft Visual Studio 12.0\VC\bin\CL.exe /c /Zi /nologo /W3 /WX- /O2 /Oi /Oy- /GL /D WIN32 /D NDEBUG /D _WINDOWS /D _UNICODE /D UNICODE /Gm- /EHsc /MD /GS /Gy /fp:precise /Zc:wchar_t /Zc:forScope /Fo"Release\\" /Fd"Release\vc120.pdb" /Gd /TP /analyze- /errorReport:prompt Animation.cpp Attack.cpp Bounds.cpp Button.cpp Camera.cpp Enemy.cpp FrameStats.cpp Level.cpp LevelImporter.cpp Menu.cpp Mesh.cpp PathNode.cpp PickUp.cpp Player.cpp ProjectApp.cpp Sound.cpp StateMachine.cpp UserInterface.cpp
         Animation.cpp
         Attack.cpp
     1>c:\users\kene\desktop\dart demo project\gamedemo\dart\dart\Attack.h(51): error C2146: syntax error : missing ';' before identifier 'HitRock'
     1>c:\users\kene\desktop\dart demo project\gamedemo\dart\dart\Attack.h(51): error C4430: missing type specifier - int assumed. Note: C++ does not support default-int
     1>c:\users\kene\desktop\dart demo project\gamedemo\dart\dart\Attack.h(52): error C2146: syntax error : missing ';' before identifier 'HitWallMelee'
     1>c:\users\kene\desktop\dart demo project\gamedemo\dart\dart\Attack.h(52): error C4430: missing type specifier - int assumed. Note: C++ does not support default-int
     1>c:\users\kene\desktop\dart demo project\gamedemo\dart\dart\Attack.h(53): error C2146: syntax error : missing ';' before identifier 'HitWallSeed'
     1>c:\users\kene\desktop\dart demo project\gamedemo\dart\dart\Attack.h(53): error C4430: missing type specifier - int assumed. Note: C++ does not support default-int
     1>c:\users\kene\desktop\dart demo project\gamedemo\dart\dart\Attack.h(54): error C2146: syntax error : missing ';' before identifier 'HitWood'
     1>c:\users\kene\desktop\dart demo project\gamedemo\dart\dart\Attack.h(54): error C4430: missing type specifier - int assumed. Note: C++ does not support default-int
     1>Attack.cpp(18): fatal error C1057: unexpected end of file in macro expansion
         Bounds.cpp
         Button.cpp
     1>c:\users\kene\desktop\dart demo project\gamedemo\dart\dart\Attack.h(51): error C2146: syntax error : missing ';' before identifier 'HitRock'
     1>c:\users\kene\desktop\dart demo project\gamedemo\dart\dart\Attack.h(51): error C4430: missing type specifier - int assumed. Note: C++ does not support default-int
     1>c:\users\kene\desktop\dart demo project\gamedemo\dart\dart\Attack.h(52): error C2146: syntax error : missing ';' before identifier 'HitWallMelee'
     1>c:\users\kene\desktop\dart demo project\gamedemo\dart\dart\Attack.h(52): error C4430: missing type specifier - int assumed. Note: C++ does not support default-int
     1>c:\users\kene\desktop\dart demo project\gamedemo\dart\dart\Attack.h(53): error C2146: syntax error : missing ';' before identifier 'HitWallSeed'
     1>c:\users\kene\desktop\dart demo project\gamedemo\dart\dart\Attack.h(53): error C4430: missing type specifier - int assumed. Note: C++ does not support default-int
     1>c:\users\kene\desktop\dart demo project\gamedemo\dart\dart\Attack.h(54): error C2146: syntax error : missing ';' before identifier 'HitWood'
     1>c:\users\kene\desktop\dart demo project\gamedemo\dart\dart\Attack.h(54): error C4430: missing type specifier - int assumed. Note: C++ does not support default-int
         Camera.cpp
         Enemy.cpp
     1>c:\users\kene\desktop\dart demo project\gamedemo\dart\dart\Attack.h(51): error C2146: syntax error : missing ';' before identifier 'HitRock'
     1>c:\users\kene\desktop\dart demo project\gamedemo\dart\dart\Attack.h(51): error C4430: missing type specifier - int assumed. Note: C++ does not support default-int
     1>c:\users\kene\desktop\dart demo project\gamedemo\dart\dart\Attack.h(52): error C2146: syntax error : missing ';' before identifier 'HitWallMelee'
     1>c:\users\kene\desktop\dart demo project\gamedemo\dart\dart\Attack.h(52): error C4430: missing type specifier - int assumed. Note: C++ does not support default-int
     1>c:\users\kene\desktop\dart demo project\gamedemo\dart\dart\Attack.h(53): error C2146: syntax error : missing ';' before identifier 'HitWallSeed'
     1>c:\users\kene\desktop\dart demo project\gamedemo\dart\dart\Attack.h(53): error C4430: missing type specifier - int assumed. Note: C++ does not support default-int
     1>c:\users\kene\desktop\dart demo project\gamedemo\dart\dart\Attack.h(54): error C2146: syntax error : missing ';' before identifier 'HitWood'
     1>c:\users\kene\desktop\dart demo project\gamedemo\dart\dart\Attack.h(54): error C4430: missing type specifier - int assumed. Note: C++ does not support default-int
     1>Enemy.cpp(12): fatal error C1057: unexpected end of file in macro expansion
         FrameStats.cpp
     1>FrameStats.cpp(89): warning C4996: 'swprintf': swprintf has been changed to conform with the ISO C standard, adding an extra character count parameter. To use traditional Microsoft swprintf, set _CRT_NON_CONFORMING_SWPRINTFS.
                 C:\Program Files (x86)\Microsoft Visual Studio 12.0\VC\include\swprintf.inl(85) : see declaration of 'swprintf'
         Level.cpp
     1>c:\users\kene\desktop\dart demo project\gamedemo\dart\dart\Attack.h(51): error C2146: syntax error : missing ';' before identifier 'HitRock'
     1>c:\users\kene\desktop\dart demo project\gamedemo\dart\dart\Attack.h(51): error C4430: missing type specifier - int assumed. Note: C++ does not support default-int
     1>c:\users\kene\desktop\dart demo project\gamedemo\dart\dart\Attack.h(52): error C2146: syntax error : missing ';' before identifier 'HitWallMelee'
     1>c:\users\kene\desktop\dart demo project\gamedemo\dart\dart\Attack.h(52): error C4430: missing type specifier - int assumed. Note: C++ does not support default-int
     1>c:\users\kene\desktop\dart demo project\gamedemo\dart\dart\Attack.h(53): error C2146: syntax error : missing ';' before identifier 'HitWallSeed'
     1>c:\users\kene\desktop\dart demo project\gamedemo\dart\dart\Attack.h(53): error C4430: missing type specifier - int assumed. Note: C++ does not support default-int
     1>c:\users\kene\desktop\dart demo project\gamedemo\dart\dart\Attack.h(54): error C2146: syntax error : missing ';' before identifier 'HitWood'
     1>c:\users\kene\desktop\dart demo project\gamedemo\dart\dart\Attack.h(54): error C4430: missing type specifier - int assumed. Note: C++ does not support default-int
         LevelImporter.cpp
         Menu.cpp
     1>c:\users\kene\desktop\dart demo project\gamedemo\dart\dart\Menu.h(26): error C2146: syntax error : missing ';' before identifier 'menuKeyPress'
     1>c:\users\kene\desktop\dart demo project\gamedemo\dart\dart\Menu.h(26): error C4430: missing type specifier - int assumed. Note: C++ does not support default-int
     1>c:\users\kene\desktop\dart demo project\gamedemo\dart\dart\Menu.h(27): error C2146: syntax error : missing ';' before identifier 'menuMouseClick'
     1>c:\users\kene\desktop\dart demo project\gamedemo\dart\dart\Menu.h(27): error C4430: missing type specifier - int assumed. Note: C++ does not support default-int
     1>Menu.cpp(17): error C2065: 'gSound' : undeclared identifier
     1>Menu.cpp(17): error C2227: left of '->getSystem' must point to class/struct/union/generic type
                 type is 'unknown-type'
     1>Menu.cpp(17): error C2227: left of '->createSound' must point to class/struct/union/generic type
     1>Menu.cpp(17): error C2065: 'FMOD_DEFAULT' : undeclared identifier
     1>Menu.cpp(17): error C2065: 'menuMouseClick' : undeclared identifier
     1>Menu.cpp(17): error C2143: syntax error : missing ')' before ';'
     1>Menu.cpp(17): error C3861: 'FR': identifier not found
     1>Menu.cpp(47): error C2065: 'gSound' : undeclared identifier
     1>Menu.cpp(47): error C2227: left of '->getSystem' must point to class/struct/union/generic type
                 type is 'unknown-type'
     1>Menu.cpp(47): error C2227: left of '->playSound' must point to class/struct/union/generic type
     1>Menu.cpp(47): error C2065: 'FMOD_CHANNEL_FREE' : undeclared identifier
     1>Menu.cpp(47): error C2065: 'menuMouseClick' : undeclared identifier
         Mesh.cpp
         PathNode.cpp
     1>c:\users\kene\desktop\dart demo project\gamedemo\dart\dart\Attack.h(51): error C2146: syntax error : missing ';' before identifier 'HitRock'
     1>c:\users\kene\desktop\dart demo project\gamedemo\dart\dart\Attack.h(51): error C4430: missing type specifier - int assumed. Note: C++ does not support default-int
     1>c:\users\kene\desktop\dart demo project\gamedemo\dart\dart\Attack.h(52): error C2146: syntax error : missing ';' before identifier 'HitWallMelee'
     1>c:\users\kene\desktop\dart demo project\gamedemo\dart\dart\Attack.h(52): error C4430: missing type specifier - int assumed. Note: C++ does not support default-int
     1>c:\users\kene\desktop\dart demo project\gamedemo\dart\dart\Attack.h(53): error C2146: syntax error : missing ';' before identifier 'HitWallSeed'
     1>c:\users\kene\desktop\dart demo project\gamedemo\dart\dart\Attack.h(53): error C4430: missing type specifier - int assumed. Note: C++ does not support default-int
     1>c:\users\kene\desktop\dart demo project\gamedemo\dart\dart\Attack.h(54): error C2146: syntax error : missing ';' before identifier 'HitWood'
     1>c:\users\kene\desktop\dart demo project\gamedemo\dart\dart\Attack.h(54): error C4430: missing type specifier - int assumed. Note: C++ does not support default-int
         PickUp.cpp
         Player.cpp
     1>Player.cpp(39): error C2065: 'FMOD_CHANNEL_FREE' : undeclared identifier
     1>Player.cpp(39): error C2065: 'playerDeath' : undeclared identifier
     1>Player.cpp(71): fatal error C1057: unexpected end of file in macro expansion
         ProjectApp.cpp
     1>c:\users\kene\desktop\dart demo project\gamedemo\dart\dart\Menu.h(26): error C2146: syntax error : missing ';' before identifier 'menuKeyPress'
     1>c:\users\kene\desktop\dart demo project\gamedemo\dart\dart\Menu.h(26): error C4430: missing type specifier - int assumed. Note: C++ does not support default-int
     1>c:\users\kene\desktop\dart demo project\gamedemo\dart\dart\Menu.h(27): error C2146: syntax error : missing ';' before identifier 'menuMouseClick'
     1>c:\users\kene\desktop\dart demo project\gamedemo\dart\dart\Menu.h(27): error C4430: missing type specifier - int assumed. Note: C++ does not support default-int
         Sound.cpp
     1>Sound.cpp(20): error C2065: 'FMOD_CAPS' : undeclared identifier
     1>Sound.cpp(20): error C2146: syntax error : missing ';' before identifier 'caps'
     1>Sound.cpp(20): error C2065: 'caps' : undeclared identifier
     1>Sound.cpp(43): error C2039: 'getDriverCaps' : is not a member of 'FMOD::System'
                 C:\Program Files (x86)\FMOD SoundSystem\FMOD Studio API Windows\api\lowlevel\inc\fmod.hpp(52) : see declaration of 'FMOD::System'
     1>Sound.cpp(43): error C2065: 'caps' : undeclared identifier
     1>Sound.cpp(45): error C2039: 'setSpeakerMode' : is not a member of 'FMOD::System'
                 C:\Program Files (x86)\FMOD SoundSystem\FMOD Studio API Windows\api\lowlevel\inc\fmod.hpp(52) : see declaration of 'FMOD::System'
     1>Sound.cpp(48): error C2065: 'caps' : undeclared identifier
     1>Sound.cpp(48): error C2065: 'FMOD_CAPS_HARDWARE_EMULATED' : undeclared identifier
     1>Sound.cpp(52): error C2660: 'FMOD::System::getDriverInfo' : function does not take 4 arguments
     1>Sound.cpp(58): error C2660: 'FMOD::System::setSoftwareFormat' : function does not take 5 arguments
     1>Sound.cpp(65): error C2039: 'setSpeakerMode' : is not a member of 'FMOD::System'
                 C:\Program Files (x86)\FMOD SoundSystem\FMOD Studio API Windows\api\lowlevel\inc\fmod.hpp(52) : see declaration of 'FMOD::System'
         StateMachine.cpp
     1>c:\users\kene\desktop\dart demo project\gamedemo\dart\dart\Attack.h(51): error C2146: syntax error : missing ';' before identifier 'HitRock'
     1>c:\users\kene\desktop\dart demo project\gamedemo\dart\dart\Attack.h(51): error C4430: missing type specifier - int assumed. Note: C++ does not support default-int
     1>c:\users\kene\desktop\dart demo project\gamedemo\dart\dart\Attack.h(52): error C2146: syntax error : missing ';' before identifier 'HitWallMelee'
     1>c:\users\kene\desktop\dart demo project\gamedemo\dart\dart\Attack.h(52): error C4430: missing type specifier - int assumed. Note: C++ does not support default-int
     1>c:\users\kene\desktop\dart demo project\gamedemo\dart\dart\Attack.h(53): error C2146: syntax error : missing ';' before identifier 'HitWallSeed'
     1>c:\users\kene\desktop\dart demo project\gamedemo\dart\dart\Attack.h(53): error C4430: missing type specifier - int assumed. Note: C++ does not support default-int
     1>c:\users\kene\desktop\dart demo project\gamedemo\dart\dart\Attack.h(54): error C2146: syntax error : missing ';' before identifier 'HitWood'
     1>c:\users\kene\desktop\dart demo project\gamedemo\dart\dart\Attack.h(54): error C4430: missing type specifier - int assumed. Note: C++ does not support default-int
     1>StateMachine.cpp(266): error C2065: 'FMOD_CHANNEL_FREE' : undeclared identifier
         UserInterface.cpp
     1>c:\users\kene\desktop\dart demo project\gamedemo\dart\dart\Menu.h(26): error C2146: syntax error : missing ';' before identifier 'menuKeyPress'
     1>c:\users\kene\desktop\dart demo project\gamedemo\dart\dart\Menu.h(26): error C4430: missing type specifier - int assumed. Note: C++ does not support default-int
     1>c:\users\kene\desktop\dart demo project\gamedemo\dart\dart\Menu.h(27): error C2146: syntax error : missing ';' before identifier 'menuMouseClick'
     1>c:\users\kene\desktop\dart demo project\gamedemo\dart\dart\Menu.h(27): error C4430: missing type specifier - int assumed. Note: C++ does not support default-int
     1>Done Building Project "C:\Users\Kene\Desktop\Dart Demo Project\GameDemo\Dart\Dart\Dart.vcxproj" (Build target(s)) -- FAILED.

Build FAILED.

Time Elapsed 00:00:46.40
